build/app/intermediates/manifest_merge_blame_file/release/manifest-merger-blame-release-report.txt
1<?xml version="1.0" encoding="utf-8"?>
2<manifest xmlns:android="http://schemas.android.com/apk/res/android"
3    package="com.gami"
4    android:versionCode="1"
5    android:versionName="1.0.0" >
6
7    <uses-sdk
8        android:minSdkVersion="21"
8-->src/main/AndroidManifest.xml
9        android:targetSdkVersion="30" />
9-->src/main/AndroidManifest.xml
10
11    <uses-permission android:name="android.permission.INTERNET" />
11-->src/main/AndroidManifest.xml:5:5-67
11-->src/main/AndroidManifest.xml:5:22-64
12    <uses-permission android:name="android.permission.ACTIVITY_RECOGNITION" />
12-->src/main/AndroidManifest.xml:6:5-79
12-->src/main/AndroidManifest.xml:6:22-76
13    <uses-permission android:name="android.permission.READ_EXTERNAL_STORAGE" />
13-->src/main/AndroidManifest.xml:7:5-80
13-->src/main/AndroidManifest.xml:7:22-77
14    <uses-permission android:name="android.permission.WRITE_EXTERNAL_STORAGE" />
14-->src/main/AndroidManifest.xml:8:5-81
14-->src/main/AndroidManifest.xml:8:22-78
15    <uses-permission android:name="android.permission.CAMERA" />
15-->src/main/AndroidManifest.xml:9:5-65
15-->src/main/AndroidManifest.xml:9:22-62
16    <uses-permission android:name="android.permission.RECEIVE_BOOT_COMPLETED" />
16-->src/main/AndroidManifest.xml:10:5-80
16-->src/main/AndroidManifest.xml:10:22-78
17    <uses-permission android:name="android.permission.READ_CONTACTS" />
17-->src/main/AndroidManifest.xml:11:5-72
17-->src/main/AndroidManifest.xml:11:22-69
18    <uses-permission android:name="android.permission.WRITE_CONTACTS" />
18-->src/main/AndroidManifest.xml:12:5-73
18-->src/main/AndroidManifest.xml:12:22-70
19    <uses-permission android:name="android.permission.MANAGE_EXTERNAL_STORAGE" />
19-->src/main/AndroidManifest.xml:13:5-15:40
19-->src/main/AndroidManifest.xml:14:9-66
20
21    <queries>
21-->[com.facebook.android:audience-network-sdk:6.6.0] AndroidManifest.xml:11:5-13:15
22        <package android:name="com.facebook.katana" />
22-->[com.facebook.android:audience-network-sdk:6.6.0] AndroidManifest.xml:12:9-55
22-->[com.facebook.android:audience-network-sdk:6.6.0] AndroidManifest.xml:12:18-52
23        <!-- For browser content -->
24        <intent>
24-->[com.google.android.gms:play-services-ads-lite:19.7.0] AndroidManifest.xml:30:9-36:18
25            <action android:name="android.intent.action.VIEW" />
25-->src/main/AndroidManifest.xml:89:17-69
25-->src/main/AndroidManifest.xml:89:25-66
26
27            <category android:name="android.intent.category.BROWSABLE" />
27-->src/main/AndroidManifest.xml:92:17-78
27-->src/main/AndroidManifest.xml:92:27-75
28
29            <data android:scheme="https" />
29-->src/main/AndroidManifest.xml:94:17-75
29-->src/main/AndroidManifest.xml:94:23-72
30        </intent> <!-- End of browser content -->
31        <!-- For CustomTabsService -->
32        <intent>
32-->[com.google.android.gms:play-services-ads-lite:19.7.0] AndroidManifest.xml:30:9-36:18
33            <action android:name="android.support.customtabs.action.CustomTabsService" />
34        </intent>
35    </queries>
36
37    <uses-permission android:name="android.permission.ACCESS_NETWORK_STATE" />
37-->[com.facebook.android:audience-network-sdk:6.6.0] AndroidManifest.xml:16:5-79
37-->[com.facebook.android:audience-network-sdk:6.6.0] AndroidManifest.xml:16:22-76
38    <uses-permission android:name="android.permission.VIBRATE" />
38-->[:adcolony] AndroidManifest.xml:10:5-66
38-->[:adcolony] AndroidManifest.xml:10:22-63
39    <uses-permission android:name="android.permission.READ_PHONE_STATE" />
39-->[:device_id] AndroidManifest.xml:7:5-75
39-->[:device_id] AndroidManifest.xml:7:22-72
40    <uses-permission android:name="android.permission.USE_FULL_SCREEN_INTENT" />
40-->[:flutter_local_notifications] AndroidManifest.xml:9:5-81
40-->[:flutter_local_notifications] AndroidManifest.xml:9:22-78
41    <uses-permission android:name="android.permission.WAKE_LOCK" /> <!-- Required by older versions of Google Play services to create IID tokens -->
41-->[com.google.firebase:firebase-iid:20.3.0] AndroidManifest.xml:24:5-68
41-->[com.google.firebase:firebase-iid:20.3.0] AndroidManifest.xml:24:22-65
42    <uses-permission android:name="com.google.android.c2dm.permission.RECEIVE" />
42-->[com.google.firebase:firebase-iid:20.3.0] AndroidManifest.xml:26:5-82
42-->[com.google.firebase:firebase-iid:20.3.0] AndroidManifest.xml:26:22-79
43    <uses-permission android:name="com.google.android.finsky.permission.BIND_GET_INSTALL_REFERRER_SERVICE" />
43-->[com.google.android.gms:play-services-measurement:17.6.0] AndroidManifest.xml:26:5-110
43-->[com.google.android.gms:play-services-measurement:17.6.0] AndroidManifest.xml:26:22-107
44
45    <application
45-->src/main/AndroidManifest.xml:17:5-108:19
46        android:appComponentFactory="androidx.core.app.CoreComponentFactory"
46-->[androidx.core:core:1.3.2] AndroidManifest.xml:24:18-86
47        android:hardwareAccelerated="true"
47-->[:facebook_audience_network] AndroidManifest.xml:7:18-52
48        android:icon="@mipmap/ic_launcher"
48-->src/main/AndroidManifest.xml:18:9-43
49        android:label="gami"
49-->src/main/AndroidManifest.xml:19:9-29
50        android:networkSecurityConfig="@xml/network_security_config"
50-->src/main/AndroidManifest.xml:20:9-69
51        android:supportsRtl="true"
51-->[com.facebook.android:facebook-android-sdk:5.15.3] AndroidManifest.xml:28:18-44
52        android:usesCleartextTraffic="true" >
52-->src/main/AndroidManifest.xml:21:9-44
53        <meta-data
53-->src/main/AndroidManifest.xml:22:9-24:70
54            android:name="com.google.android.gms.ads.APPLICATION_ID"
54-->src/main/AndroidManifest.xml:23:13-69
55            android:value="ca-app-pub-3940256099942544~3347511713" />
55-->src/main/AndroidManifest.xml:24:13-67
56
57        <activity
57-->src/main/AndroidManifest.xml:26:9-65:20
58            android:name="com.gami.MainActivity"
58-->src/main/AndroidManifest.xml:27:13-41
59            android:allowBackup="false"
59-->src/main/AndroidManifest.xml:28:13-40
60            android:configChanges="orientation|keyboardHidden|keyboard|screenSize|smallestScreenSize|locale|layoutDirection|fontScale|screenLayout|density|uiMode"
60-->src/main/AndroidManifest.xml:29:13-163
61            android:hardwareAccelerated="true"
61-->src/main/AndroidManifest.xml:30:13-47
62            android:largeHeap="true"
62-->src/main/AndroidManifest.xml:31:13-37
63            android:launchMode="singleTop"
63-->src/main/AndroidManifest.xml:32:13-43
64            android:requestLegacyExternalStorage="true"
64-->src/main/AndroidManifest.xml:33:13-56
65            android:supportsRtl="true"
65-->src/main/AndroidManifest.xml:34:13-39
66            android:theme="@style/LaunchTheme"
66-->src/main/AndroidManifest.xml:35:13-47
67            android:windowSoftInputMode="adjustResize" >
67-->src/main/AndroidManifest.xml:36:13-55
68
69            <!--
70                 Specifies an Android theme to apply to this Activity as soon as
71                 the Android process has started. This theme is visible to the user
72                 while the Flutter UI initializes. After that, this theme continues
73                 to determine the Window background behind the Flutter UI.
74            -->
75            <meta-data
75-->src/main/AndroidManifest.xml:44:13-46:57
76                android:name="io.flutter.embedding.android.NormalTheme"
76-->src/main/AndroidManifest.xml:45:17-72
77                android:resource="@style/NormalTheme" />
77-->src/main/AndroidManifest.xml:46:17-54
78            <!--
79                 Displays an Android View that continues showing the launch screen
80                 Drawable until Flutter paints its first frame, then this splash
81                 screen fades out. A splash screen is useful to avoid any visual
82                 gap between the end of Android's launch screen and the painting of
83                 Flutter's first frame.
84            -->
85            <meta-data
85-->src/main/AndroidManifest.xml:52:13-54:66
86                android:name="io.flutter.embedding.android.SplashScreenDrawable"
86-->src/main/AndroidManifest.xml:53:17-81
87                android:resource="@drawable/launch_background" />
87-->src/main/AndroidManifest.xml:54:17-63
88
89            <intent-filter>
89-->src/main/AndroidManifest.xml:55:13-58:29
90                <action android:name="android.intent.action.MAIN" />
90-->src/main/AndroidManifest.xml:56:17-69
90-->src/main/AndroidManifest.xml:56:25-66
91
92                <category android:name="android.intent.category.LAUNCHER" />
92-->src/main/AndroidManifest.xml:57:17-77
92-->src/main/AndroidManifest.xml:57:27-74
93            </intent-filter>
94            <intent-filter>
94-->src/main/AndroidManifest.xml:60:13-63:29
95                <action android:name="FLUTTER_NOTIFICATION_CLICK" />
95-->src/main/AndroidManifest.xml:61:17-69
95-->src/main/AndroidManifest.xml:61:25-66
96
97                <category android:name="android.intent.category.DEFAULT" />
97-->src/main/AndroidManifest.xml:62:17-76
97-->src/main/AndroidManifest.xml:62:27-73
98            </intent-filter>
99        </activity>
100        <!--
101             Don't delete the meta-data below.
102             This is used by the Flutter tool to generate GeneratedPluginRegistrant.java
103        -->
104        <meta-data
104-->src/main/AndroidManifest.xml:68:9-70:33
105            android:name="flutterEmbedding"
105-->src/main/AndroidManifest.xml:69:13-44
106            android:value="2" />
106-->src/main/AndroidManifest.xml:70:13-30
107        <meta-data
107-->src/main/AndroidManifest.xml:72:9-74:69
108            android:name="com.google.android.gms.version"
108-->src/main/AndroidManifest.xml:73:13-58
109            android:value="@integer/google_play_services_version" />
109-->src/main/AndroidManifest.xml:74:13-66
110        <meta-data
110-->src/main/AndroidManifest.xml:76:9-78:55
111            android:name="com.facebook.sdk.ApplicationId"
111-->src/main/AndroidManifest.xml:77:13-58
112            android:value="@string/facebook_app_id" />
112-->src/main/AndroidManifest.xml:78:13-52
113
114        <activity
114-->src/main/AndroidManifest.xml:80:9-83:48
115            android:name="com.facebook.FacebookActivity"
115-->src/main/AndroidManifest.xml:81:13-57
116            android:configChanges="keyboard|keyboardHidden|screenLayout|screenSize|orientation"
116-->src/main/AndroidManifest.xml:82:13-96
117            android:label="@string/app_name"
117-->src/main/AndroidManifest.xml:83:13-45
118            android:theme="@style/com_facebook_activity_theme" />
118-->[com.facebook.android:facebook-common:8.1.0] AndroidManifest.xml:33:13-63
119        <activity
119-->src/main/AndroidManifest.xml:85:9-97:20
120            android:name="com.facebook.CustomTabActivity"
120-->src/main/AndroidManifest.xml:86:13-58
121            android:exported="true" >
121-->src/main/AndroidManifest.xml:87:13-36
122            <intent-filter>
122-->src/main/AndroidManifest.xml:88:13-95:29
123                <action android:name="android.intent.action.VIEW" />
123-->src/main/AndroidManifest.xml:89:17-69
123-->src/main/AndroidManifest.xml:89:25-66
124
125                <category android:name="android.intent.category.DEFAULT" />
125-->src/main/AndroidManifest.xml:62:17-76
125-->src/main/AndroidManifest.xml:62:27-73
126                <category android:name="android.intent.category.BROWSABLE" />
126-->src/main/AndroidManifest.xml:92:17-78
126-->src/main/AndroidManifest.xml:92:27-75
127
128                <data android:scheme="@string/fb_login_protocol_scheme" />
128-->src/main/AndroidManifest.xml:94:17-75
128-->src/main/AndroidManifest.xml:94:23-72
129            </intent-filter>
130            <intent-filter>
130-->[com.facebook.android:facebook-common:8.1.0] AndroidManifest.xml:39:13-48:29
131                <action android:name="android.intent.action.VIEW" />
131-->src/main/AndroidManifest.xml:89:17-69
131-->src/main/AndroidManifest.xml:89:25-66
132
133                <category android:name="android.intent.category.DEFAULT" />
133-->src/main/AndroidManifest.xml:62:17-76
133-->src/main/AndroidManifest.xml:62:27-73
134                <category android:name="android.intent.category.BROWSABLE" />
134-->src/main/AndroidManifest.xml:92:17-78
134-->src/main/AndroidManifest.xml:92:27-75
135
136                <data
136-->src/main/AndroidManifest.xml:94:17-75
137                    android:host="cct.com.gami"
138                    android:scheme="fbconnect" />
138-->src/main/AndroidManifest.xml:94:23-72
139            </intent-filter>
140        </activity>
141        <!--
142            <service
143            android:name=".MyFirebaseInstanceIdService"
144            android:exported="false">
145            <intent-filter>
146                <action android:name="com.google.firebase.INSTANCE_ID_EVENT" />
147            </intent-filter>
148        </service>
149               <meta-data
150                   android:name="com.google.android.gms.ads.AD_MANAGER_APP"
151                   android:value="true"/>
152        -->
153        <service
153-->[:cloud_firestore] AndroidManifest.xml:8:9-12:19
154            android:name="com.google.firebase.components.ComponentDiscoveryService"
154-->[:cloud_firestore] AndroidManifest.xml:8:18-89
155            android:directBootAware="true"
155-->[com.google.firebase:firebase-common:19.3.1] AndroidManifest.xml:35:13-43
156            android:exported="false" >
156-->[com.google.firebase:firebase-auth:19.4.0] AndroidManifest.xml:35:13-37
157            <meta-data
157-->[:cloud_firestore] AndroidManifest.xml:9:13-11:85
158                android:name="com.google.firebase.components:io.flutter.plugins.firebase.firestore.FlutterFirebaseFirestoreRegistrar"
158-->[:cloud_firestore] AndroidManifest.xml:10:17-134
159                android:value="com.google.firebase.components.ComponentRegistrar" />
159-->[:cloud_firestore] AndroidManifest.xml:11:17-82
160            <meta-data
160-->[:firebase_auth] AndroidManifest.xml:9:13-11:85
161                android:name="com.google.firebase.components:io.flutter.plugins.firebase.auth.FlutterFirebaseAuthRegistrar"
161-->[:firebase_auth] AndroidManifest.xml:10:17-124
162                android:value="com.google.firebase.components.ComponentRegistrar" />
162-->[:firebase_auth] AndroidManifest.xml:11:17-82
163            <meta-data
163-->[:firebase_storage] AndroidManifest.xml:9:13-11:85
164                android:name="com.google.firebase.components:io.flutter.plugins.firebase.storage.FlutterFirebaseAppRegistrar"
164-->[:firebase_storage] AndroidManifest.xml:10:17-126
165                android:value="com.google.firebase.components.ComponentRegistrar" />
165-->[:firebase_storage] AndroidManifest.xml:11:17-82
166            <meta-data
166-->[:firebase_messaging] AndroidManifest.xml:14:13-16:85
167                android:name="com.google.firebase.components:io.flutter.plugins.firebasemessaging.FlutterFirebaseAppRegistrar"
167-->[:firebase_messaging] AndroidManifest.xml:15:17-127
168                android:value="com.google.firebase.components.ComponentRegistrar" />
168-->[:firebase_messaging] AndroidManifest.xml:16:17-82
169            <meta-data
169-->[:firebase_core] AndroidManifest.xml:9:13-11:85
170                android:name="com.google.firebase.components:io.flutter.plugins.firebase.core.FlutterFirebaseCoreRegistrar"
170-->[:firebase_core] AndroidManifest.xml:10:17-124
171                android:value="com.google.firebase.components.ComponentRegistrar" />
171-->[:firebase_core] AndroidManifest.xml:11:17-82
172            <meta-data
172-->[com.google.firebase:firebase-auth:19.4.0] AndroidManifest.xml:36:13-38:85
173                android:name="com.google.firebase.components:com.google.firebase.auth.FirebaseAuthRegistrar"
173-->[com.google.firebase:firebase-auth:19.4.0] AndroidManifest.xml:37:17-109
174                android:value="com.google.firebase.components.ComponentRegistrar" />
174-->[com.google.firebase:firebase-auth:19.4.0] AndroidManifest.xml:38:17-82
175            <meta-data
175-->[com.google.firebase:firebase-storage:19.2.0] AndroidManifest.xml:33:13-35:85
176                android:name="com.google.firebase.components:com.google.firebase.storage.StorageRegistrar"
176-->[com.google.firebase:firebase-storage:19.2.0] AndroidManifest.xml:34:17-107
177                android:value="com.google.firebase.components.ComponentRegistrar" />
177-->[com.google.firebase:firebase-storage:19.2.0] AndroidManifest.xml:35:17-82
178            <meta-data
178-->[com.google.firebase:firebase-firestore:21.7.1] AndroidManifest.xml:20:13-22:85
179                android:name="com.google.firebase.components:com.google.firebase.firestore.FirestoreRegistrar"
179-->[com.google.firebase:firebase-firestore:21.7.1] AndroidManifest.xml:21:17-111
180                android:value="com.google.firebase.components.ComponentRegistrar" />
180-->[com.google.firebase:firebase-firestore:21.7.1] AndroidManifest.xml:22:17-82
181            <meta-data
181-->[com.google.firebase:firebase-messaging:20.3.0] AndroidManifest.xml:39:13-41:85
182                android:name="com.google.firebase.components:com.google.firebase.messaging.FirebaseMessagingRegistrar"
182-->[com.google.firebase:firebase-messaging:20.3.0] AndroidManifest.xml:40:17-119
183                android:value="com.google.firebase.components.ComponentRegistrar" />
183-->[com.google.firebase:firebase-messaging:20.3.0] AndroidManifest.xml:41:17-82
184            <meta-data
184-->[com.google.firebase:firebase-iid:20.3.0] AndroidManifest.xml:32:13-34:85
185                android:name="com.google.firebase.components:com.google.firebase.iid.Registrar"
185-->[com.google.firebase:firebase-iid:20.3.0] AndroidManifest.xml:33:17-96
186                android:value="com.google.firebase.components.ComponentRegistrar" />
186-->[com.google.firebase:firebase-iid:20.3.0] AndroidManifest.xml:34:17-82
187            <meta-data
187-->[com.google.android.gms:play-services-measurement-api:17.6.0] AndroidManifest.xml:30:13-32:85
188                android:name="com.google.firebase.components:com.google.firebase.analytics.connector.internal.AnalyticsConnectorRegistrar"
188-->[com.google.android.gms:play-services-measurement-api:17.6.0] AndroidManifest.xml:31:17-139
189                android:value="com.google.firebase.components.ComponentRegistrar" />
189-->[com.google.android.gms:play-services-measurement-api:17.6.0] AndroidManifest.xml:32:17-82
190            <meta-data
190-->[com.google.firebase:firebase-installations:16.3.3] AndroidManifest.xml:17:13-19:85
191                android:name="com.google.firebase.components:com.google.firebase.installations.FirebaseInstallationsRegistrar"
191-->[com.google.firebase:firebase-installations:16.3.3] AndroidManifest.xml:18:17-127
192                android:value="com.google.firebase.components.ComponentRegistrar" />
192-->[com.google.firebase:firebase-installations:16.3.3] AndroidManifest.xml:19:17-82
193            <meta-data
193-->[com.google.firebase:firebase-datatransport:17.0.3] AndroidManifest.xml:28:13-30:85
194                android:name="com.google.firebase.components:com.google.firebase.datatransport.TransportRegistrar"
194-->[com.google.firebase:firebase-datatransport:17.0.3] AndroidManifest.xml:29:17-115
195                android:value="com.google.firebase.components.ComponentRegistrar" />
195-->[com.google.firebase:firebase-datatransport:17.0.3] AndroidManifest.xml:30:17-82
196        </service>
197        <service android:name="io.flutter.plugins.firebasemessaging.FlutterFirebaseMessagingService" >
197-->[:firebase_messaging] AndroidManifest.xml:8:9-12:19
197-->[:firebase_messaging] AndroidManifest.xml:8:18-101
198            <intent-filter>
198-->[:firebase_messaging] AndroidManifest.xml:9:13-11:29
199                <action android:name="com.google.firebase.MESSAGING_EVENT" />
199-->[:firebase_messaging] AndroidManifest.xml:10:17-78
199-->[:firebase_messaging] AndroidManifest.xml:10:25-75
200            </intent-filter>
201        </service>
202
203        <activity
203-->[com.facebook.android:audience-network-sdk:6.6.0] AndroidManifest.xml:19:9-23:75
204            android:name="com.facebook.ads.AudienceNetworkActivity"
204-->[com.facebook.android:audience-network-sdk:6.6.0] AndroidManifest.xml:20:13-68
205            android:configChanges="keyboardHidden|orientation|screenSize"
205-->[com.facebook.android:audience-network-sdk:6.6.0] AndroidManifest.xml:21:13-74
206            android:exported="false"
206-->[com.facebook.android:audience-network-sdk:6.6.0] AndroidManifest.xml:22:13-37
207            android:theme="@android:style/Theme.Translucent.NoTitleBar" />
207-->[com.facebook.android:audience-network-sdk:6.6.0] AndroidManifest.xml:23:13-72
208
209        <provider
209-->[com.facebook.android:audience-network-sdk:6.6.0] AndroidManifest.xml:25:9-28:40
210            android:name="com.facebook.ads.AudienceNetworkContentProvider"
210-->[com.facebook.android:audience-network-sdk:6.6.0] AndroidManifest.xml:26:13-75
211            android:authorities="com.gami.AudienceNetworkContentProvider"
211-->[com.facebook.android:audience-network-sdk:6.6.0] AndroidManifest.xml:27:13-82
212            android:exported="false" />
212-->[com.facebook.android:audience-network-sdk:6.6.0] AndroidManifest.xml:28:13-37
213
214        <activity
214-->[com.google.android.gms:play-services-auth:19.0.0] AndroidManifest.xml:23:9-27:75
215            android:name="com.google.android.gms.auth.api.signin.internal.SignInHubActivity"
215-->[com.google.android.gms:play-services-auth:19.0.0] AndroidManifest.xml:24:13-93
216            android:excludeFromRecents="true"
216-->[com.google.android.gms:play-services-auth:19.0.0] AndroidManifest.xml:25:13-46
217            android:exported="false"
217-->[com.google.android.gms:play-services-auth:19.0.0] AndroidManifest.xml:26:13-37
218            android:theme="@android:style/Theme.Translucent.NoTitleBar" />
218-->[com.google.android.gms:play-services-auth:19.0.0] AndroidManifest.xml:27:13-72
219        <!--
220            Service handling Google Sign-In user revocation. For apps that do not integrate with
221            Google Sign-In, this service will never be started.
222        -->
223        <service
223-->[com.google.android.gms:play-services-auth:19.0.0] AndroidManifest.xml:33:9-37:51
224            android:name="com.google.android.gms.auth.api.signin.RevocationBoundService"
224-->[com.google.android.gms:play-services-auth:19.0.0] AndroidManifest.xml:34:13-89
225            android:exported="true"
225-->[com.google.android.gms:play-services-auth:19.0.0] AndroidManifest.xml:35:13-36
226            android:permission="com.google.android.gms.auth.api.signin.permission.REVOCATION_NOTIFICATION"
226-->[com.google.android.gms:play-services-auth:19.0.0] AndroidManifest.xml:36:13-107
227            android:visibleToInstantApps="true" />
227-->[com.google.android.gms:play-services-auth:19.0.0] AndroidManifest.xml:37:13-48
228
229        <activity
229-->[:adcolony] AndroidManifest.xml:13:9-17:80
230            android:name="com.adcolony.sdk.AdColonyInterstitialActivity"
230-->[:adcolony] AndroidManifest.xml:14:13-73
231            android:configChanges="keyboardHidden|orientation|screenSize"
231-->[:adcolony] AndroidManifest.xml:15:13-74
232            android:hardwareAccelerated="true"
232-->[:adcolony] AndroidManifest.xml:16:13-47
233            android:theme="@android:style/Theme.Black.NoTitleBar.Fullscreen" />
233-->[:adcolony] AndroidManifest.xml:17:13-77
234        <activity
234-->[:adcolony] AndroidManifest.xml:18:9-22:80
235            android:name="com.adcolony.sdk.AdColonyAdViewActivity"
235-->[:adcolony] AndroidManifest.xml:19:13-67
236            android:configChanges="keyboardHidden|orientation|screenSize"
236-->[:adcolony] AndroidManifest.xml:20:13-74
237            android:hardwareAccelerated="true"
237-->[:adcolony] AndroidManifest.xml:21:13-47
238            android:theme="@android:style/Theme.Black.NoTitleBar.Fullscreen" />
238-->[:adcolony] AndroidManifest.xml:22:13-77
239
240        <meta-data
240-->[:google_mobile_ads] AndroidManifest.xml:10:9-12:36
241            android:name="io.flutter.embedded_views_preview"
241-->[:google_mobile_ads] AndroidManifest.xml:11:13-61
242            android:value="true" />
242-->[:google_mobile_ads] AndroidManifest.xml:12:13-33
243
244        <receiver android:name="com.dexterous.flutterlocalnotifications.ScheduledNotificationReceiver" />
244-->[:flutter_local_notifications] AndroidManifest.xml:12:9-106
244-->[:flutter_local_notifications] AndroidManifest.xml:12:19-103
245        <receiver android:name="com.dexterous.flutterlocalnotifications.ScheduledNotificationBootReceiver" >
245-->[:flutter_local_notifications] AndroidManifest.xml:13:9-20:20
245-->[:flutter_local_notifications] AndroidManifest.xml:13:19-107
246            <intent-filter>
246-->[:flutter_local_notifications] AndroidManifest.xml:14:13-19:29
247                <action android:name="android.intent.action.BOOT_COMPLETED" />
247-->[:flutter_local_notifications] AndroidManifest.xml:15:17-79
247-->[:flutter_local_notifications] AndroidManifest.xml:15:25-76
248                <action android:name="android.intent.action.MY_PACKAGE_REPLACED" />
248-->[:flutter_local_notifications] AndroidManifest.xml:16:17-84
248-->[:flutter_local_notifications] AndroidManifest.xml:16:25-81
249                <action android:name="android.intent.action.QUICKBOOT_POWERON" />
249-->[:flutter_local_notifications] AndroidManifest.xml:17:17-82
249-->[:flutter_local_notifications] AndroidManifest.xml:17:25-79
250                <action android:name="com.htc.intent.action.QUICKBOOT_POWERON" />
250-->[:flutter_local_notifications] AndroidManifest.xml:18:17-82
250-->[:flutter_local_notifications] AndroidManifest.xml:18:25-79
251            </intent-filter>
252        </receiver>
253
254        <activity
254-->[:url_launcher] AndroidManifest.xml:8:9-11:74
255            android:name="io.flutter.plugins.urllauncher.WebViewActivity"
255-->[:url_launcher] AndroidManifest.xml:9:13-74
256            android:exported="false"
256-->[:url_launcher] AndroidManifest.xml:10:13-37
257            android:theme="@android:style/Theme.NoTitleBar.Fullscreen" />
257-->[:url_launcher] AndroidManifest.xml:11:13-71
258        <activity
258-->[com.google.firebase:firebase-auth:19.4.0] AndroidManifest.xml:24:9-31:50
259            android:name="com.google.firebase.auth.internal.FederatedSignInActivity"
259-->[com.google.firebase:firebase-auth:19.4.0] AndroidManifest.xml:25:13-85
260            android:excludeFromRecents="true"
260-->[com.google.firebase:firebase-auth:19.4.0] AndroidManifest.xml:26:13-46
261            android:exported="true"
261-->[com.google.firebase:firebase-auth:19.4.0] AndroidManifest.xml:27:13-36
262            android:launchMode="singleTask"
262-->[com.google.firebase:firebase-auth:19.4.0] AndroidManifest.xml:28:13-44
263            android:permission="com.google.firebase.auth.api.gms.permission.LAUNCH_FEDERATED_SIGN_IN"
263-->[com.google.firebase:firebase-auth:19.4.0] AndroidManifest.xml:29:13-102
264            android:theme="@android:style/Theme.Translucent.NoTitleBar" />
264-->[com.google.firebase:firebase-auth:19.4.0] AndroidManifest.xml:30:13-72
265        <!--
266             FirebaseMessagingService performs security checks at runtime,
267             but set to not exported to explicitly avoid allowing another app to call it.
268        -->
269        <service
269-->[com.google.firebase:firebase-messaging:20.3.0] AndroidManifest.xml:28:9-35:19
270            android:name="com.google.firebase.messaging.FirebaseMessagingService"
270-->[com.google.firebase:firebase-messaging:20.3.0] AndroidManifest.xml:29:13-82
271            android:directBootAware="true"
271-->[com.google.firebase:firebase-messaging:20.3.0] AndroidManifest.xml:30:13-43
272            android:exported="false" >
272-->[com.google.firebase:firebase-messaging:20.3.0] AndroidManifest.xml:31:13-37
273            <intent-filter android:priority="-500" >
273-->[:firebase_messaging] AndroidManifest.xml:9:13-11:29
274                <action android:name="com.google.firebase.MESSAGING_EVENT" />
274-->[:firebase_messaging] AndroidManifest.xml:10:17-78
274-->[:firebase_messaging] AndroidManifest.xml:10:25-75
275            </intent-filter>
276        </service>
277
278        <receiver
278-->[com.google.firebase:firebase-iid:20.3.0] AndroidManifest.xml:37:9-44:20
279            android:name="com.google.firebase.iid.FirebaseInstanceIdReceiver"
279-->[com.google.firebase:firebase-iid:20.3.0] AndroidManifest.xml:38:13-78
280            android:exported="true"
280-->[com.google.firebase:firebase-iid:20.3.0] AndroidManifest.xml:39:13-36
281            android:permission="com.google.android.c2dm.permission.SEND" >
281-->[com.google.firebase:firebase-iid:20.3.0] AndroidManifest.xml:40:13-73
282            <intent-filter>
282-->[com.google.firebase:firebase-iid:20.3.0] AndroidManifest.xml:41:13-43:29
283                <action android:name="com.google.android.c2dm.intent.RECEIVE" />
283-->[com.google.firebase:firebase-iid:20.3.0] AndroidManifest.xml:42:17-81
283-->[com.google.firebase:firebase-iid:20.3.0] AndroidManifest.xml:42:25-78
284            </intent-filter>
285        </receiver>
286
287        <activity
287-->[com.google.android.gms:play-services-base:17.1.0] AndroidManifest.xml:23:9-26:75
288            android:name="com.google.android.gms.common.api.GoogleApiActivity"
288-->[com.google.android.gms:play-services-base:17.1.0] AndroidManifest.xml:24:13-79
289            android:exported="false"
289-->[com.google.android.gms:play-services-base:17.1.0] AndroidManifest.xml:25:13-37
290            android:theme="@android:style/Theme.Translucent.NoTitleBar" />
290-->[com.google.android.gms:play-services-base:17.1.0] AndroidManifest.xml:26:13-72
291
292        <receiver